<?xml version="1.0" encoding="UTF-8"?>
<!-- Generated by org.testng.reporters.JUnitXMLReporter -->
<testsuite hostname="Devil-Machine" name="Home Page Test" tests="18" failures="3" timestamp="7 Feb 2022 13:10:50 GMT" time="12.503" errors="0">
  <testcase name="CheckCityRespectiveToCountry" time="1.469" classname="testCases.InitialSearchPageTest">
    <failure type="java.lang.AssertionError" message="Navigates further even if incorrect city is selected expected [false] but found [true]">
      <![CDATA[java.lang.AssertionError: Navigates further even if incorrect city is selected expected [false] but found [true]
	at org.testng.Assert.fail(Assert.java:94)
	at org.testng.Assert.failNotEquals(Assert.java:513)
	at org.testng.Assert.assertFalse(Assert.java:63)
	at testCases.InitialSearchPageTest.CheckCityRespectiveToCountry(InitialSearchPageTest.java:88)
	at sun.reflect.NativeMethodAccessorImpl.invoke0(Native Method)
	at sun.reflect.NativeMethodAccessorImpl.invoke(Unknown Source)
	at sun.reflect.DelegatingMethodAccessorImpl.invoke(Unknown Source)
	at java.lang.reflect.Method.invoke(Unknown Source)
	at org.testng.internal.MethodInvocationHelper.invokeMethod(MethodInvocationHelper.java:100)
	at org.testng.internal.Invoker.invokeMethod(Invoker.java:646)
	at org.testng.internal.Invoker.invokeTestMethod(Invoker.java:811)
	at org.testng.internal.Invoker.invokeTestMethods(Invoker.java:1137)
	at org.testng.internal.TestMethodWorker.invokeTestMethods(TestMethodWorker.java:129)
	at org.testng.internal.TestMethodWorker.run(TestMethodWorker.java:112)
	at java.util.concurrent.ThreadPoolExecutor.runWorker(Unknown Source)
	at java.util.concurrent.ThreadPoolExecutor$Worker.run(Unknown Source)
	at java.lang.Thread.run(Unknown Source)
]]>
    </failure>
  </testcase> <!-- CheckCityRespectiveToCountry -->
  <testcase name="CountriesAllowedTest" time="0.118" classname="testCases.InitialSearchPageTest">
    <failure type="java.lang.AssertionError" message="Incorrect/Misspelt Country Name expected [true] but found [false]">
      <![CDATA[java.lang.AssertionError: Incorrect/Misspelt Country Name expected [true] but found [false]
	at org.testng.Assert.fail(Assert.java:94)
	at org.testng.Assert.failNotEquals(Assert.java:513)
	at org.testng.Assert.assertTrue(Assert.java:42)
	at testCases.InitialSearchPageTest.CountriesAllowedTest(InitialSearchPageTest.java:58)
	at sun.reflect.NativeMethodAccessorImpl.invoke0(Native Method)
	at sun.reflect.NativeMethodAccessorImpl.invoke(Unknown Source)
	at sun.reflect.DelegatingMethodAccessorImpl.invoke(Unknown Source)
	at java.lang.reflect.Method.invoke(Unknown Source)
	at org.testng.internal.MethodInvocationHelper.invokeMethod(MethodInvocationHelper.java:100)
	at org.testng.internal.Invoker.invokeMethod(Invoker.java:646)
	at org.testng.internal.Invoker.invokeTestMethod(Invoker.java:811)
	at org.testng.internal.Invoker.invokeTestMethods(Invoker.java:1137)
	at org.testng.internal.TestMethodWorker.invokeTestMethods(TestMethodWorker.java:129)
	at org.testng.internal.TestMethodWorker.run(TestMethodWorker.java:112)
	at java.util.concurrent.ThreadPoolExecutor.runWorker(Unknown Source)
	at java.util.concurrent.ThreadPoolExecutor$Worker.run(Unknown Source)
	at java.lang.Thread.run(Unknown Source)
]]>
    </failure>
  </testcase> <!-- CountriesAllowedTest -->
  <testcase name="PastDateBookingTest" time="0.94" classname="testCases.InitialSearchPageTest">
    <failure type="java.lang.AssertionError" message="Navigates to next Step even if PAST date is selected expected [false] but found [true]">
      <![CDATA[java.lang.AssertionError: Navigates to next Step even if PAST date is selected expected [false] but found [true]
	at org.testng.Assert.fail(Assert.java:94)
	at org.testng.Assert.failNotEquals(Assert.java:513)
	at org.testng.Assert.assertFalse(Assert.java:63)
	at testCases.InitialSearchPageTest.PastDateBookingTest(InitialSearchPageTest.java:117)
	at sun.reflect.NativeMethodAccessorImpl.invoke0(Native Method)
	at sun.reflect.NativeMethodAccessorImpl.invoke(Unknown Source)
	at sun.reflect.DelegatingMethodAccessorImpl.invoke(Unknown Source)
	at java.lang.reflect.Method.invoke(Unknown Source)
	at org.testng.internal.MethodInvocationHelper.invokeMethod(MethodInvocationHelper.java:100)
	at org.testng.internal.Invoker.invokeMethod(Invoker.java:646)
	at org.testng.internal.Invoker.invokeTestMethod(Invoker.java:811)
	at org.testng.internal.Invoker.invokeTestMethods(Invoker.java:1137)
	at org.testng.internal.TestMethodWorker.invokeTestMethods(TestMethodWorker.java:129)
	at org.testng.internal.TestMethodWorker.run(TestMethodWorker.java:112)
	at java.util.concurrent.ThreadPoolExecutor.runWorker(Unknown Source)
	at java.util.concurrent.ThreadPoolExecutor$Worker.run(Unknown Source)
	at java.lang.Thread.run(Unknown Source)
]]>
    </failure>
  </testcase> <!-- PastDateBookingTest -->
  <testcase name="homePageStability" time="0.265" classname="testCases.InitialSearchPageTest"/>
  <testcase name="homePageStability" time="0.232" classname="testCases.InitialSearchPageTest"/>
  <testcase name="homePageStability" time="0.232" classname="testCases.InitialSearchPageTest"/>
  <testcase name="homePageStability" time="0.254" classname="testCases.InitialSearchPageTest"/>
  <testcase name="homePageStability" time="0.234" classname="testCases.InitialSearchPageTest"/>
  <testcase name="homePageStability" time="0.242" classname="testCases.InitialSearchPageTest"/>
  <testcase name="homePageStability" time="0.229" classname="testCases.InitialSearchPageTest"/>
  <testcase name="homePageStability" time="0.227" classname="testCases.InitialSearchPageTest"/>
  <testcase name="homePageStability" time="0.251" classname="testCases.InitialSearchPageTest"/>
  <testcase name="homePageStability" time="0.229" classname="testCases.InitialSearchPageTest"/>
  <testcase name="homePageStability" time="0.234" classname="testCases.InitialSearchPageTest"/>
  <testcase name="homePageStability" time="0.257" classname="testCases.InitialSearchPageTest"/>
  <testcase name="homePageStability" time="0.227" classname="testCases.InitialSearchPageTest"/>
  <testcase name="homePageStability" time="0.232" classname="testCases.InitialSearchPageTest"/>
  <testcase name="homePageStability" time="0.249" classname="testCases.InitialSearchPageTest"/>
</testsuite> <!-- Home Page Test -->
