<html>
<head>
<title>TestNG:  Home Page Test</title>
<link href="../testng.css" rel="stylesheet" type="text/css" />
<link href="../my-testng.css" rel="stylesheet" type="text/css" />

<style type="text/css">
.log { display: none;} 
.stack-trace { display: none;} 
</style>
<script type="text/javascript">
<!--
function flip(e) {
  current = e.style.display;
  if (current == 'block') {
    e.style.display = 'none';
    return 0;
  }
  else {
    e.style.display = 'block';
    return 1;
  }
}

function toggleBox(szDivId, elem, msg1, msg2)
{
  var res = -1;  if (document.getElementById) {
    res = flip(document.getElementById(szDivId));
  }
  else if (document.all) {
    // this is the way old msie versions work
    res = flip(document.all[szDivId]);
  }
  if(elem) {
    if(res == 0) elem.innerHTML = msg1; else elem.innerHTML = msg2;
  }

}

function toggleAllBoxes() {
  if (document.getElementsByTagName) {
    d = document.getElementsByTagName('div');
    for (i = 0; i < d.length; i++) {
      if (d[i].className == 'log') {
        flip(d[i]);
      }
    }
  }
}

// -->
</script>

</head>
<body>
<h2 align='center'>Home Page Test</h2><table border='1' align="center">
<tr>
<td>Tests passed/Failed/Skipped:</td><td>12/6/0</td>
</tr><tr>
<td>Started on:</td><td>Sun Feb 06 22:16:40 IST 2022</td>
</tr>
<tr><td>Total time:</td><td>12 seconds (12006 ms)</td>
</tr><tr>
<td>Included groups:</td><td></td>
</tr><tr>
<td>Excluded groups:</td><td></td>
</tr>
</table><p/>
<small><i>(Hover the method name to see the test class name)</i></small><p/>
<table width='100%' border='1' class='invocation-failed'>
<tr><td colspan='4' align='center'><b>FAILED TESTS</b></td></tr>
<tr><td><b>Test method</b></td>
<td width="30%"><b>Exception</b></td>
<td width="10%"><b>Time (seconds)</b></td>
<td><b>Instance</b></td>
</tr>
<tr>
<td title='testCases.InitialSearchPageTest.CheckCityRespectiveToCountry()'><b>CheckCityRespectiveToCountry</b><br>Test class: testCases.InitialSearchPageTest</td>
<td><div><pre>java.lang.AssertionError: Navigates further even if incorrect city is selected expected [false] but found [true]
	at testCases.InitialSearchPageTest.CheckCityRespectiveToCountry(InitialSearchPageTest.java:82)
	at java.util.concurrent.ThreadPoolExecutor.runWorker(Unknown Source)
	at java.util.concurrent.ThreadPoolExecutor$Worker.run(Unknown Source)
	at java.lang.Thread.run(Unknown Source)
... Removed 13 stack frames</pre></div><a href='#' onClick='toggleBox("stack-trace59019829", this, "Click to show all stack frames", "Click to hide stack frames")'>Click to show all stack frames</a>
<div class='stack-trace' id='stack-trace59019829'><pre>java.lang.AssertionError: Navigates further even if incorrect city is selected expected [false] but found [true]
	at org.testng.Assert.fail(Assert.java:94)
	at org.testng.Assert.failNotEquals(Assert.java:513)
	at org.testng.Assert.assertFalse(Assert.java:63)
	at testCases.InitialSearchPageTest.CheckCityRespectiveToCountry(InitialSearchPageTest.java:82)
	at sun.reflect.NativeMethodAccessorImpl.invoke0(Native Method)
	at sun.reflect.NativeMethodAccessorImpl.invoke(Unknown Source)
	at sun.reflect.DelegatingMethodAccessorImpl.invoke(Unknown Source)
	at java.lang.reflect.Method.invoke(Unknown Source)
	at org.testng.internal.MethodInvocationHelper.invokeMethod(MethodInvocationHelper.java:100)
	at org.testng.internal.Invoker.invokeMethod(Invoker.java:646)
	at org.testng.internal.Invoker.invokeTestMethod(Invoker.java:811)
	at org.testng.internal.Invoker.invokeTestMethods(Invoker.java:1137)
	at org.testng.internal.TestMethodWorker.invokeTestMethods(TestMethodWorker.java:129)
	at org.testng.internal.TestMethodWorker.run(TestMethodWorker.java:112)
	at java.util.concurrent.ThreadPoolExecutor.runWorker(Unknown Source)
	at java.util.concurrent.ThreadPoolExecutor$Worker.run(Unknown Source)
	at java.lang.Thread.run(Unknown Source)
</pre></div></td>
<td>1</td>
<td>testCases.InitialSearchPageTest@61832929</td></tr>
<tr>
<td title='testCases.InitialSearchPageTest.CountriesAllowedTest()'><b>CountriesAllowedTest</b><br>Test class: testCases.InitialSearchPageTest</td>
<td><div><pre>java.lang.AssertionError: Incorrect/Misspelt Country Name expected [true] but found [false]
	at testCases.InitialSearchPageTest.CountriesAllowedTest(InitialSearchPageTest.java:53)
	at java.util.concurrent.ThreadPoolExecutor.runWorker(Unknown Source)
	at java.util.concurrent.ThreadPoolExecutor$Worker.run(Unknown Source)
	at java.lang.Thread.run(Unknown Source)
... Removed 13 stack frames</pre></div><a href='#' onClick='toggleBox("stack-trace1886776312", this, "Click to show all stack frames", "Click to hide stack frames")'>Click to show all stack frames</a>
<div class='stack-trace' id='stack-trace1886776312'><pre>java.lang.AssertionError: Incorrect/Misspelt Country Name expected [true] but found [false]
	at org.testng.Assert.fail(Assert.java:94)
	at org.testng.Assert.failNotEquals(Assert.java:513)
	at org.testng.Assert.assertTrue(Assert.java:42)
	at testCases.InitialSearchPageTest.CountriesAllowedTest(InitialSearchPageTest.java:53)
	at sun.reflect.NativeMethodAccessorImpl.invoke0(Native Method)
	at sun.reflect.NativeMethodAccessorImpl.invoke(Unknown Source)
	at sun.reflect.DelegatingMethodAccessorImpl.invoke(Unknown Source)
	at java.lang.reflect.Method.invoke(Unknown Source)
	at org.testng.internal.MethodInvocationHelper.invokeMethod(MethodInvocationHelper.java:100)
	at org.testng.internal.Invoker.invokeMethod(Invoker.java:646)
	at org.testng.internal.Invoker.invokeTestMethod(Invoker.java:811)
	at org.testng.internal.Invoker.invokeTestMethods(Invoker.java:1137)
	at org.testng.internal.TestMethodWorker.invokeTestMethods(TestMethodWorker.java:129)
	at org.testng.internal.TestMethodWorker.run(TestMethodWorker.java:112)
	at java.util.concurrent.ThreadPoolExecutor.runWorker(Unknown Source)
	at java.util.concurrent.ThreadPoolExecutor$Worker.run(Unknown Source)
	at java.lang.Thread.run(Unknown Source)
</pre></div></td>
<td>0</td>
<td>testCases.InitialSearchPageTest@61832929</td></tr>
<tr>
<td title='testCases.InitialSearchPageTest.PastDateBookingTest()'><b>PastDateBookingTest</b><br>Test class: testCases.InitialSearchPageTest</td>
<td><div><pre>java.lang.AssertionError: Navigates to next Step even if PAST date is selected expected [false] but found [true]
	at testCases.InitialSearchPageTest.PastDateBookingTest(InitialSearchPageTest.java:110)
	at java.util.concurrent.ThreadPoolExecutor.runWorker(Unknown Source)
	at java.util.concurrent.ThreadPoolExecutor$Worker.run(Unknown Source)
	at java.lang.Thread.run(Unknown Source)
... Removed 13 stack frames</pre></div><a href='#' onClick='toggleBox("stack-trace1915649582", this, "Click to show all stack frames", "Click to hide stack frames")'>Click to show all stack frames</a>
<div class='stack-trace' id='stack-trace1915649582'><pre>java.lang.AssertionError: Navigates to next Step even if PAST date is selected expected [false] but found [true]
	at org.testng.Assert.fail(Assert.java:94)
	at org.testng.Assert.failNotEquals(Assert.java:513)
	at org.testng.Assert.assertFalse(Assert.java:63)
	at testCases.InitialSearchPageTest.PastDateBookingTest(InitialSearchPageTest.java:110)
	at sun.reflect.NativeMethodAccessorImpl.invoke0(Native Method)
	at sun.reflect.NativeMethodAccessorImpl.invoke(Unknown Source)
	at sun.reflect.DelegatingMethodAccessorImpl.invoke(Unknown Source)
	at java.lang.reflect.Method.invoke(Unknown Source)
	at org.testng.internal.MethodInvocationHelper.invokeMethod(MethodInvocationHelper.java:100)
	at org.testng.internal.Invoker.invokeMethod(Invoker.java:646)
	at org.testng.internal.Invoker.invokeTestMethod(Invoker.java:811)
	at org.testng.internal.Invoker.invokeTestMethods(Invoker.java:1137)
	at org.testng.internal.TestMethodWorker.invokeTestMethods(TestMethodWorker.java:129)
	at org.testng.internal.TestMethodWorker.run(TestMethodWorker.java:112)
	at java.util.concurrent.ThreadPoolExecutor.runWorker(Unknown Source)
	at java.util.concurrent.ThreadPoolExecutor$Worker.run(Unknown Source)
	at java.lang.Thread.run(Unknown Source)
</pre></div></td>
<td>0</td>
<td>testCases.InitialSearchPageTest@61832929</td></tr>
<tr>
<td title='testCases.InitialSearchPageTest.homePageStability()'><b>homePageStability</b><br>Test class: testCases.InitialSearchPageTest</td>
<td><div><pre>java.lang.AssertionError: Application Not Stable expected [true] but found [false]
	at testCases.InitialSearchPageTest.homePageStability(InitialSearchPageTest.java:29)
	at java.util.concurrent.ThreadPoolExecutor.runWorker(Unknown Source)
	at java.util.concurrent.ThreadPoolExecutor$Worker.run(Unknown Source)
	at java.lang.Thread.run(Unknown Source)
... Removed 15 stack frames</pre></div><a href='#' onClick='toggleBox("stack-trace592818446", this, "Click to show all stack frames", "Click to hide stack frames")'>Click to show all stack frames</a>
<div class='stack-trace' id='stack-trace592818446'><pre>java.lang.AssertionError: Application Not Stable expected [true] but found [false]
	at org.testng.Assert.fail(Assert.java:94)
	at org.testng.Assert.failNotEquals(Assert.java:513)
	at org.testng.Assert.assertEqualsImpl(Assert.java:135)
	at org.testng.Assert.assertEquals(Assert.java:116)
	at org.testng.Assert.assertEquals(Assert.java:305)
	at testCases.InitialSearchPageTest.homePageStability(InitialSearchPageTest.java:29)
	at sun.reflect.NativeMethodAccessorImpl.invoke0(Native Method)
	at sun.reflect.NativeMethodAccessorImpl.invoke(Unknown Source)
	at sun.reflect.DelegatingMethodAccessorImpl.invoke(Unknown Source)
	at java.lang.reflect.Method.invoke(Unknown Source)
	at org.testng.internal.MethodInvocationHelper.invokeMethod(MethodInvocationHelper.java:100)
	at org.testng.internal.Invoker.invokeMethod(Invoker.java:646)
	at org.testng.internal.Invoker.invokeTestMethod(Invoker.java:811)
	at org.testng.internal.Invoker.invokeTestMethods(Invoker.java:1137)
	at org.testng.internal.TestMethodWorker.invokeTestMethods(TestMethodWorker.java:129)
	at org.testng.internal.TestMethodWorker.run(TestMethodWorker.java:112)
	at java.util.concurrent.ThreadPoolExecutor.runWorker(Unknown Source)
	at java.util.concurrent.ThreadPoolExecutor$Worker.run(Unknown Source)
	at java.lang.Thread.run(Unknown Source)
</pre></div></td>
<td>0</td>
<td>testCases.InitialSearchPageTest@61832929</td></tr>
<tr>
<td title='testCases.InitialSearchPageTest.homePageStability()'><b>homePageStability</b><br>Test class: testCases.InitialSearchPageTest</td>
<td><div><pre>java.lang.AssertionError: Application Not Stable expected [true] but found [false]
	at testCases.InitialSearchPageTest.homePageStability(InitialSearchPageTest.java:29)
	at java.util.concurrent.ThreadPoolExecutor.runWorker(Unknown Source)
	at java.util.concurrent.ThreadPoolExecutor$Worker.run(Unknown Source)
	at java.lang.Thread.run(Unknown Source)
... Removed 15 stack frames</pre></div><a href='#' onClick='toggleBox("stack-trace1571850000", this, "Click to show all stack frames", "Click to hide stack frames")'>Click to show all stack frames</a>
<div class='stack-trace' id='stack-trace1571850000'><pre>java.lang.AssertionError: Application Not Stable expected [true] but found [false]
	at org.testng.Assert.fail(Assert.java:94)
	at org.testng.Assert.failNotEquals(Assert.java:513)
	at org.testng.Assert.assertEqualsImpl(Assert.java:135)
	at org.testng.Assert.assertEquals(Assert.java:116)
	at org.testng.Assert.assertEquals(Assert.java:305)
	at testCases.InitialSearchPageTest.homePageStability(InitialSearchPageTest.java:29)
	at sun.reflect.NativeMethodAccessorImpl.invoke0(Native Method)
	at sun.reflect.NativeMethodAccessorImpl.invoke(Unknown Source)
	at sun.reflect.DelegatingMethodAccessorImpl.invoke(Unknown Source)
	at java.lang.reflect.Method.invoke(Unknown Source)
	at org.testng.internal.MethodInvocationHelper.invokeMethod(MethodInvocationHelper.java:100)
	at org.testng.internal.Invoker.invokeMethod(Invoker.java:646)
	at org.testng.internal.Invoker.invokeTestMethod(Invoker.java:811)
	at org.testng.internal.Invoker.invokeTestMethods(Invoker.java:1137)
	at org.testng.internal.TestMethodWorker.invokeTestMethods(TestMethodWorker.java:129)
	at org.testng.internal.TestMethodWorker.run(TestMethodWorker.java:112)
	at java.util.concurrent.ThreadPoolExecutor.runWorker(Unknown Source)
	at java.util.concurrent.ThreadPoolExecutor$Worker.run(Unknown Source)
	at java.lang.Thread.run(Unknown Source)
</pre></div></td>
<td>0</td>
<td>testCases.InitialSearchPageTest@61832929</td></tr>
<tr>
<td title='testCases.InitialSearchPageTest.homePageStability()'><b>homePageStability</b><br>Test class: testCases.InitialSearchPageTest</td>
<td><div><pre>java.lang.AssertionError: Application Not Stable expected [true] but found [false]
	at testCases.InitialSearchPageTest.homePageStability(InitialSearchPageTest.java:29)
	at java.util.concurrent.ThreadPoolExecutor.runWorker(Unknown Source)
	at java.util.concurrent.ThreadPoolExecutor$Worker.run(Unknown Source)
	at java.lang.Thread.run(Unknown Source)
... Removed 15 stack frames</pre></div><a href='#' onClick='toggleBox("stack-trace1877135020", this, "Click to show all stack frames", "Click to hide stack frames")'>Click to show all stack frames</a>
<div class='stack-trace' id='stack-trace1877135020'><pre>java.lang.AssertionError: Application Not Stable expected [true] but found [false]
	at org.testng.Assert.fail(Assert.java:94)
	at org.testng.Assert.failNotEquals(Assert.java:513)
	at org.testng.Assert.assertEqualsImpl(Assert.java:135)
	at org.testng.Assert.assertEquals(Assert.java:116)
	at org.testng.Assert.assertEquals(Assert.java:305)
	at testCases.InitialSearchPageTest.homePageStability(InitialSearchPageTest.java:29)
	at sun.reflect.NativeMethodAccessorImpl.invoke0(Native Method)
	at sun.reflect.NativeMethodAccessorImpl.invoke(Unknown Source)
	at sun.reflect.DelegatingMethodAccessorImpl.invoke(Unknown Source)
	at java.lang.reflect.Method.invoke(Unknown Source)
	at org.testng.internal.MethodInvocationHelper.invokeMethod(MethodInvocationHelper.java:100)
	at org.testng.internal.Invoker.invokeMethod(Invoker.java:646)
	at org.testng.internal.Invoker.invokeTestMethod(Invoker.java:811)
	at org.testng.internal.Invoker.invokeTestMethods(Invoker.java:1137)
	at org.testng.internal.TestMethodWorker.invokeTestMethods(TestMethodWorker.java:129)
	at org.testng.internal.TestMethodWorker.run(TestMethodWorker.java:112)
	at java.util.concurrent.ThreadPoolExecutor.runWorker(Unknown Source)
	at java.util.concurrent.ThreadPoolExecutor$Worker.run(Unknown Source)
	at java.lang.Thread.run(Unknown Source)
</pre></div></td>
<td>0</td>
<td>testCases.InitialSearchPageTest@61832929</td></tr>
</table><p>
<table width='100%' border='1' class='invocation-passed'>
<tr><td colspan='4' align='center'><b>PASSED TESTS</b></td></tr>
<tr><td><b>Test method</b></td>
<td width="30%"><b>Exception</b></td>
<td width="10%"><b>Time (seconds)</b></td>
<td><b>Instance</b></td>
</tr>
<tr>
<td title='testCases.InitialSearchPageTest.homePageStability()'><b>homePageStability</b><br>Test class: testCases.InitialSearchPageTest</td>
<td></td>
<td>0</td>
<td>testCases.InitialSearchPageTest@61832929</td></tr>
<tr>
<td title='testCases.InitialSearchPageTest.homePageStability()'><b>homePageStability</b><br>Test class: testCases.InitialSearchPageTest</td>
<td></td>
<td>0</td>
<td>testCases.InitialSearchPageTest@61832929</td></tr>
<tr>
<td title='testCases.InitialSearchPageTest.homePageStability()'><b>homePageStability</b><br>Test class: testCases.InitialSearchPageTest</td>
<td></td>
<td>0</td>
<td>testCases.InitialSearchPageTest@61832929</td></tr>
<tr>
<td title='testCases.InitialSearchPageTest.homePageStability()'><b>homePageStability</b><br>Test class: testCases.InitialSearchPageTest</td>
<td></td>
<td>0</td>
<td>testCases.InitialSearchPageTest@61832929</td></tr>
<tr>
<td title='testCases.InitialSearchPageTest.homePageStability()'><b>homePageStability</b><br>Test class: testCases.InitialSearchPageTest</td>
<td></td>
<td>0</td>
<td>testCases.InitialSearchPageTest@61832929</td></tr>
<tr>
<td title='testCases.InitialSearchPageTest.homePageStability()'><b>homePageStability</b><br>Test class: testCases.InitialSearchPageTest</td>
<td></td>
<td>0</td>
<td>testCases.InitialSearchPageTest@61832929</td></tr>
<tr>
<td title='testCases.InitialSearchPageTest.homePageStability()'><b>homePageStability</b><br>Test class: testCases.InitialSearchPageTest</td>
<td></td>
<td>0</td>
<td>testCases.InitialSearchPageTest@61832929</td></tr>
<tr>
<td title='testCases.InitialSearchPageTest.homePageStability()'><b>homePageStability</b><br>Test class: testCases.InitialSearchPageTest</td>
<td></td>
<td>0</td>
<td>testCases.InitialSearchPageTest@61832929</td></tr>
<tr>
<td title='testCases.InitialSearchPageTest.homePageStability()'><b>homePageStability</b><br>Test class: testCases.InitialSearchPageTest</td>
<td></td>
<td>0</td>
<td>testCases.InitialSearchPageTest@61832929</td></tr>
<tr>
<td title='testCases.InitialSearchPageTest.homePageStability()'><b>homePageStability</b><br>Test class: testCases.InitialSearchPageTest</td>
<td></td>
<td>0</td>
<td>testCases.InitialSearchPageTest@61832929</td></tr>
<tr>
<td title='testCases.InitialSearchPageTest.homePageStability()'><b>homePageStability</b><br>Test class: testCases.InitialSearchPageTest</td>
<td></td>
<td>0</td>
<td>testCases.InitialSearchPageTest@61832929</td></tr>
<tr>
<td title='testCases.InitialSearchPageTest.homePageStability()'><b>homePageStability</b><br>Test class: testCases.InitialSearchPageTest</td>
<td></td>
<td>0</td>
<td>testCases.InitialSearchPageTest@61832929</td></tr>
</table><p>
</body>
</html>