<!DOCTYPE html PUBLIC "-//W3C//DTD XHTML 1.1//EN" "http://www.w3.org/TR/xhtml11/DTD/xhtml11.dtd">
<html xmlns="http://www.w3.org/1999/xhtml"><head><title>TestNG Report</title><style type="text/css">table {margin-bottom:10px;border-collapse:collapse;empty-cells:show}th,td {border:1px solid #009;padding:.25em .5em}th {vertical-align:bottom}td {vertical-align:top}table a {font-weight:bold}.stripe td {background-color: #E6EBF9}.num {text-align:right}.passedodd td {background-color: #3F3}.passedeven td {background-color: #0A0}.skippedodd td {background-color: #DDD}.skippedeven td {background-color: #CCC}.failedodd td,.attn {background-color: #F33}.failedeven td,.stripe .attn {background-color: #D00}.stacktrace {white-space:pre;font-family:monospace}.totop {font-size:85%;text-align:center;border-bottom:2px solid #000}</style></head><body><table><tr><th>Test</th><th># Passed</th><th># Skipped</th><th># Failed</th><th>Time (ms)</th><th>Included Groups</th><th>Excluded Groups</th></tr><tr><th colspan="7">Tivix WebApplication Testing</th></tr><tr><td><a href="#t0">Home Page Test</a></td><td class="num">15</td><td class="num">0</td><td class="num attn">3</td><td class="num">12,503</td><td></td><td></td></tr><tr class="stripe"><td><a href="#t1">Search page Test</a></td><td class="num">1</td><td class="num">0</td><td class="num">0</td><td class="num">5,468</td><td></td><td></td></tr><tr><td><a href="#t2">User Details Test</a></td><td class="num">0</td><td class="num">0</td><td class="num attn">1</td><td class="num">11,303</td><td></td><td></td></tr><tr><th>Total</th><th class="num">16</th><th class="num">0</th><th class="num attn">4</th><th class="num">29,274</th><th colspan="2"></th></tr></table><table><thead><tr><th>Class</th><th>Method</th><th>Start</th><th>Time (ms)</th></tr></thead><tbody><tr><th colspan="4">Tivix WebApplication Testing</th></tr></tbody><tbody id="t0"><tr><th colspan="4">Home Page Test &#8212; failed</th></tr><tr class="failedeven"><td rowspan="3">testCases.InitialSearchPageTest</td><td><a href="#m0">CheckCityRespectiveToCountry</a></td><td rowspan="1">1644239443354</td><td rowspan="1">1469</td></tr><tr class="failedeven"><td><a href="#m1">CountriesAllowedTest</a></td><td rowspan="1">1644239444827</td><td rowspan="1">118</td></tr><tr class="failedeven"><td><a href="#m2">PastDateBookingTest</a></td><td rowspan="1">1644239444947</td><td rowspan="1">940</td></tr><tr><th colspan="4">Home Page Test &#8212; passed</th></tr><tr class="passedeven"><td rowspan="15">testCases.InitialSearchPageTest</td><td><a href="#m3">homePageStability</a></td><td rowspan="15">1644239446620</td><td rowspan="15">254</td></tr><tr class="passedeven"><td><a href="#m4">homePageStability</a></td></tr><tr class="passedeven"><td><a href="#m5">homePageStability</a></td></tr><tr class="passedeven"><td><a href="#m6">homePageStability</a></td></tr><tr class="passedeven"><td><a href="#m7">homePageStability</a></td></tr><tr class="passedeven"><td><a href="#m8">homePageStability</a></td></tr><tr class="passedeven"><td><a href="#m9">homePageStability</a></td></tr><tr class="passedeven"><td><a href="#m10">homePageStability</a></td></tr><tr class="passedeven"><td><a href="#m11">homePageStability</a></td></tr><tr class="passedeven"><td><a href="#m12">homePageStability</a></td></tr><tr class="passedeven"><td><a href="#m13">homePageStability</a></td></tr><tr class="passedeven"><td><a href="#m14">homePageStability</a></td></tr><tr class="passedeven"><td><a href="#m15">homePageStability</a></td></tr><tr class="passedeven"><td><a href="#m16">homePageStability</a></td></tr><tr class="passedeven"><td><a href="#m17">homePageStability</a></td></tr></tbody><tbody id="t1"><tr><th colspan="4">Search page Test &#8212; passed</th></tr><tr class="passedeven"><td rowspan="1">testCases.InitialSearchResultPageTest</td><td><a href="#m18">BookLowestFareTest</a></td><td rowspan="1">1644239453200</td><td rowspan="1">1814</td></tr></tbody><tbody id="t2"><tr><th colspan="4">User Details Test &#8212; failed</th></tr><tr class="failedeven"><td rowspan="1">testCases.UserDetailsPageTest</td><td><a href="#m19">BookingCompletionTest</a></td><td rowspan="1">1644239458336</td><td rowspan="1">7984</td></tr></tbody></table><h2>Home Page Test</h2><h3 id="m0">testCases.InitialSearchPageTest#CheckCityRespectiveToCountry</h3><table class="result"><tr><th>Exception</th></tr><tr><td><div class="stacktrace">java.lang.AssertionError: Navigates further even if incorrect city is selected expected [false] but found [true]
	at org.testng.Assert.fail(Assert.java:94)
	at org.testng.Assert.failNotEquals(Assert.java:513)
	at org.testng.Assert.assertFalse(Assert.java:63)
	at testCases.InitialSearchPageTest.CheckCityRespectiveToCountry(InitialSearchPageTest.java:88)
	at sun.reflect.NativeMethodAccessorImpl.invoke0(Native Method)
	at sun.reflect.NativeMethodAccessorImpl.invoke(Unknown Source)
	at sun.reflect.DelegatingMethodAccessorImpl.invoke(Unknown Source)
	at java.lang.reflect.Method.invoke(Unknown Source)
	at org.testng.internal.MethodInvocationHelper.invokeMethod(MethodInvocationHelper.java:100)
	at org.testng.internal.Invoker.invokeMethod(Invoker.java:646)
	at org.testng.internal.Invoker.invokeTestMethod(Invoker.java:811)
	at org.testng.internal.Invoker.invokeTestMethods(Invoker.java:1137)
	at org.testng.internal.TestMethodWorker.invokeTestMethods(TestMethodWorker.java:129)
	at org.testng.internal.TestMethodWorker.run(TestMethodWorker.java:112)
	at java.util.concurrent.ThreadPoolExecutor.runWorker(Unknown Source)
	at java.util.concurrent.ThreadPoolExecutor$Worker.run(Unknown Source)
	at java.lang.Thread.run(Unknown Source)
</div></td></tr></table><p class="totop"><a href="#summary">back to summary</a></p><h3 id="m1">testCases.InitialSearchPageTest#CountriesAllowedTest</h3><table class="result"><tr><th>Exception</th></tr><tr><td><div class="stacktrace">java.lang.AssertionError: Incorrect/Misspelt Country Name expected [true] but found [false]
	at org.testng.Assert.fail(Assert.java:94)
	at org.testng.Assert.failNotEquals(Assert.java:513)
	at org.testng.Assert.assertTrue(Assert.java:42)
	at testCases.InitialSearchPageTest.CountriesAllowedTest(InitialSearchPageTest.java:58)
	at sun.reflect.NativeMethodAccessorImpl.invoke0(Native Method)
	at sun.reflect.NativeMethodAccessorImpl.invoke(Unknown Source)
	at sun.reflect.DelegatingMethodAccessorImpl.invoke(Unknown Source)
	at java.lang.reflect.Method.invoke(Unknown Source)
	at org.testng.internal.MethodInvocationHelper.invokeMethod(MethodInvocationHelper.java:100)
	at org.testng.internal.Invoker.invokeMethod(Invoker.java:646)
	at org.testng.internal.Invoker.invokeTestMethod(Invoker.java:811)
	at org.testng.internal.Invoker.invokeTestMethods(Invoker.java:1137)
	at org.testng.internal.TestMethodWorker.invokeTestMethods(TestMethodWorker.java:129)
	at org.testng.internal.TestMethodWorker.run(TestMethodWorker.java:112)
	at java.util.concurrent.ThreadPoolExecutor.runWorker(Unknown Source)
	at java.util.concurrent.ThreadPoolExecutor$Worker.run(Unknown Source)
	at java.lang.Thread.run(Unknown Source)
</div></td></tr></table><p class="totop"><a href="#summary">back to summary</a></p><h3 id="m2">testCases.InitialSearchPageTest#PastDateBookingTest</h3><table class="result"><tr><th>Exception</th></tr><tr><td><div class="stacktrace">java.lang.AssertionError: Navigates to next Step even if PAST date is selected expected [false] but found [true]
	at org.testng.Assert.fail(Assert.java:94)
	at org.testng.Assert.failNotEquals(Assert.java:513)
	at org.testng.Assert.assertFalse(Assert.java:63)
	at testCases.InitialSearchPageTest.PastDateBookingTest(InitialSearchPageTest.java:117)
	at sun.reflect.NativeMethodAccessorImpl.invoke0(Native Method)
	at sun.reflect.NativeMethodAccessorImpl.invoke(Unknown Source)
	at sun.reflect.DelegatingMethodAccessorImpl.invoke(Unknown Source)
	at java.lang.reflect.Method.invoke(Unknown Source)
	at org.testng.internal.MethodInvocationHelper.invokeMethod(MethodInvocationHelper.java:100)
	at org.testng.internal.Invoker.invokeMethod(Invoker.java:646)
	at org.testng.internal.Invoker.invokeTestMethod(Invoker.java:811)
	at org.testng.internal.Invoker.invokeTestMethods(Invoker.java:1137)
	at org.testng.internal.TestMethodWorker.invokeTestMethods(TestMethodWorker.java:129)
	at org.testng.internal.TestMethodWorker.run(TestMethodWorker.java:112)
	at java.util.concurrent.ThreadPoolExecutor.runWorker(Unknown Source)
	at java.util.concurrent.ThreadPoolExecutor$Worker.run(Unknown Source)
	at java.lang.Thread.run(Unknown Source)
</div></td></tr></table><p class="totop"><a href="#summary">back to summary</a></p><h3 id="m3">testCases.InitialSearchPageTest#homePageStability</h3><table class="result"></table><p class="totop"><a href="#summary">back to summary</a></p><h3 id="m4">testCases.InitialSearchPageTest#homePageStability</h3><table class="result"></table><p class="totop"><a href="#summary">back to summary</a></p><h3 id="m5">testCases.InitialSearchPageTest#homePageStability</h3><table class="result"></table><p class="totop"><a href="#summary">back to summary</a></p><h3 id="m6">testCases.InitialSearchPageTest#homePageStability</h3><table class="result"></table><p class="totop"><a href="#summary">back to summary</a></p><h3 id="m7">testCases.InitialSearchPageTest#homePageStability</h3><table class="result"></table><p class="totop"><a href="#summary">back to summary</a></p><h3 id="m8">testCases.InitialSearchPageTest#homePageStability</h3><table class="result"></table><p class="totop"><a href="#summary">back to summary</a></p><h3 id="m9">testCases.InitialSearchPageTest#homePageStability</h3><table class="result"></table><p class="totop"><a href="#summary">back to summary</a></p><h3 id="m10">testCases.InitialSearchPageTest#homePageStability</h3><table class="result"></table><p class="totop"><a href="#summary">back to summary</a></p><h3 id="m11">testCases.InitialSearchPageTest#homePageStability</h3><table class="result"></table><p class="totop"><a href="#summary">back to summary</a></p><h3 id="m12">testCases.InitialSearchPageTest#homePageStability</h3><table class="result"></table><p class="totop"><a href="#summary">back to summary</a></p><h3 id="m13">testCases.InitialSearchPageTest#homePageStability</h3><table class="result"></table><p class="totop"><a href="#summary">back to summary</a></p><h3 id="m14">testCases.InitialSearchPageTest#homePageStability</h3><table class="result"></table><p class="totop"><a href="#summary">back to summary</a></p><h3 id="m15">testCases.InitialSearchPageTest#homePageStability</h3><table class="result"></table><p class="totop"><a href="#summary">back to summary</a></p><h3 id="m16">testCases.InitialSearchPageTest#homePageStability</h3><table class="result"></table><p class="totop"><a href="#summary">back to summary</a></p><h3 id="m17">testCases.InitialSearchPageTest#homePageStability</h3><table class="result"></table><p class="totop"><a href="#summary">back to summary</a></p><h2>Search page Test</h2><h3 id="m18">testCases.InitialSearchResultPageTest#BookLowestFareTest</h3><table class="result"></table><p class="totop"><a href="#summary">back to summary</a></p><h2>User Details Test</h2><h3 id="m19">testCases.UserDetailsPageTest#BookingCompletionTest</h3><table class="result"><tr><th>Exception</th></tr><tr><td><div class="stacktrace">java.lang.AssertionError: Unable to navigate to Booking page expected [Booking Confirm] but found [Page not found at /rent/75]
	at org.testng.Assert.fail(Assert.java:94)
	at org.testng.Assert.failNotEquals(Assert.java:513)
	at org.testng.Assert.assertEqualsImpl(Assert.java:135)
	at org.testng.Assert.assertEquals(Assert.java:116)
	at org.testng.Assert.assertEquals(Assert.java:190)
	at testCases.UserDetailsPageTest.BookingCompletionTest(UserDetailsPageTest.java:31)
	at sun.reflect.NativeMethodAccessorImpl.invoke0(Native Method)
	at sun.reflect.NativeMethodAccessorImpl.invoke(Unknown Source)
	at sun.reflect.DelegatingMethodAccessorImpl.invoke(Unknown Source)
	at java.lang.reflect.Method.invoke(Unknown Source)
	at org.testng.internal.MethodInvocationHelper.invokeMethod(MethodInvocationHelper.java:100)
	at org.testng.internal.Invoker.invokeMethod(Invoker.java:646)
	at org.testng.internal.Invoker.invokeTestMethod(Invoker.java:811)
	at org.testng.internal.Invoker.invokeTestMethods(Invoker.java:1137)
	at org.testng.internal.TestMethodWorker.invokeTestMethods(TestMethodWorker.java:129)
	at org.testng.internal.TestMethodWorker.run(TestMethodWorker.java:112)
	at java.util.concurrent.ThreadPoolExecutor.runWorker(Unknown Source)
	at java.util.concurrent.ThreadPoolExecutor$Worker.run(Unknown Source)
	at java.lang.Thread.run(Unknown Source)
</div></td></tr></table><p class="totop"><a href="#summary">back to summary</a></p></body></html>